# JRE version: Java(TM) SE Runtime Environment (8.0_25-b18) (build 1.8.0_25-b18)
# Java VM: Java HotSpot(TM) 64-Bit Server VM (25.25-b02 mixed mode windows-amd64 compressed oops)
Heap:
 PSYoungGen      total 258560K, used 13716K [0x00000000d6600000, 0x00000000ea400000, 0x0000000100000000)
  eden space 240128K, 0% used [0x00000000d6600000,0x00000000d6600000,0x00000000e5080000)
  from space 18432K, 74% used [0x00000000e9200000,0x00000000e9f65110,0x00000000ea400000)
  to   space 16384K, 0% used [0x00000000e5080000,0x00000000e5080000,0x00000000e6080000)
 ParOldGen       total 91648K, used 26858K [0x0000000083200000, 0x0000000088b80000, 0x00000000d6600000)
  object space 91648K, 29% used [0x0000000083200000,0x0000000084c3a9a0,0x0000000088b80000)
 Metaspace       used 44286K, capacity 46398K, committed 46464K, reserved 1095680K
  class space    used 6148K, capacity 6520K, committed 6528K, reserved 1048576K
GC Heap History (10 events):
Event: 12.194 GC heap after
Heap after GC invocations=10 (full 1):
 PSYoungGen      total 191488K, used 11637K [0x00000000d6600000, 0x00000000e7a80000, 0x0000000100000000)
  eden space 175104K, 0% used [0x00000000d6600000,0x00000000d6600000,0x00000000e1100000)
  from space 16384K, 71% used [0x00000000e1100000,0x00000000e1c5d5a0,0x00000000e2100000)
  to   space 16896K, 0% used [0x00000000e6a00000,0x00000000e6a00000,0x00000000e7a80000)
 ParOldGen       total 53760K, used 20019K [0x0000000083200000, 0x0000000086680000, 0x00000000d6600000)
  object space 53760K, 37% used [0x0000000083200000,0x000000008458ce28,0x0000000086680000)
 Metaspace       used 33837K, capacity 35398K, committed 35496K, reserved 1079296K
  class space    used 4644K, capacity 4925K, committed 4992K, reserved 1048576K
}
Event: 12.194 GC heap before
{Heap before GC invocations=11 (full 2):
 PSYoungGen      total 191488K, used 11637K [0x00000000d6600000, 0x00000000e7a80000, 0x0000000100000000)
  eden space 175104K, 0% used [0x00000000d6600000,0x00000000d6600000,0x00000000e1100000)
  from space 16384K, 71% used [0x00000000e1100000,0x00000000e1c5d5a0,0x00000000e2100000)
  to   space 16896K, 0% used [0x00000000e6a00000,0x00000000e6a00000,0x00000000e7a80000)
 ParOldGen       total 53760K, used 20019K [0x0000000083200000, 0x0000000086680000, 0x00000000d6600000)
  object space 53760K, 37% used [0x0000000083200000,0x000000008458ce28,0x0000000086680000)
 Metaspace       used 33837K, capacity 35398K, committed 35496K, reserved 1079296K
  class space    used 4644K, capacity 4925K, committed 4992K, reserved 1048576K
Event: 12.314 GC heap after
Heap after GC invocations=11 (full 2):
 PSYoungGen      total 191488K, used 0K [0x00000000d6600000, 0x00000000e7a80000, 0x0000000100000000)
  eden space 175104K, 0% used [0x00000000d6600000,0x00000000d6600000,0x00000000e1100000)
  from space 16384K, 0% used [0x00000000e1100000,0x00000000e1100000,0x00000000e2100000)
  to   space 16896K, 0% used [0x00000000e6a00000,0x00000000e6a00000,0x00000000e7a80000)
 ParOldGen       total 91648K, used 21938K [0x0000000083200000, 0x0000000088b80000, 0x00000000d6600000)
  object space 91648K, 23% used [0x0000000083200000,0x000000008476c960,0x0000000088b80000)
 Metaspace       used 33837K, capacity 35398K, committed 35496K, reserved 1079296K
  class space    used 4644K, capacity 4925K, committed 4992K, reserved 1048576K
}
Event: 14.263 GC heap before
{Heap before GC invocations=12 (full 2):
 PSYoungGen      total 191488K, used 175104K [0x00000000d6600000, 0x00000000e7a80000, 0x0000000100000000)
  eden space 175104K, 100% used [0x00000000d6600000,0x00000000e1100000,0x00000000e1100000)
  from space 16384K, 0% used [0x00000000e1100000,0x00000000e1100000,0x00000000e2100000)
  to   space 16896K, 0% used [0x00000000e6a00000,0x00000000e6a00000,0x00000000e7a80000)
 ParOldGen       total 91648K, used 21938K [0x0000000083200000, 0x0000000088b80000, 0x00000000d6600000)
  object space 91648K, 23% used [0x0000000083200000,0x000000008476c960,0x0000000088b80000)
 Metaspace       used 36034K, capacity 37780K, committed 37888K, reserved 1081344K
  class space    used 4991K, capacity 5332K, committed 5376K, reserved 1048576K
Event: 14.271 GC heap after
Heap after GC invocations=12 (full 2):
 PSYoungGen      total 231936K, used 6359K [0x00000000d6600000, 0x00000000e7080000, 0x0000000100000000)
  eden space 225280K, 0% used [0x00000000d6600000,0x00000000d6600000,0x00000000e4200000)
  from space 6656K, 95% used [0x00000000e6a00000,0x00000000e7035f78,0x00000000e7080000)
  to   space 16384K, 0% used [0x00000000e5080000,0x00000000e5080000,0x00000000e6080000)
 ParOldGen       total 91648K, used 21946K [0x0000000083200000, 0x0000000088b80000, 0x00000000d6600000)
  object space 91648K, 23% used [0x0000000083200000,0x000000008476e960,0x0000000088b80000)
 Metaspace       used 36034K, capacity 37780K, committed 37888K, reserved 1081344K
  class space    used 4991K, capacity 5332K, committed 5376K, reserved 1048576K
}
Event: 16.022 GC heap before
{Heap before GC invocations=13 (full 2):
 PSYoungGen      total 231936K, used 231639K [0x00000000d6600000, 0x00000000e7080000, 0x0000000100000000)
  eden space 225280K, 100% used [0x00000000d6600000,0x00000000e4200000,0x00000000e4200000)
  from space 6656K, 95% used [0x00000000e6a00000,0x00000000e7035f78,0x00000000e7080000)
  to   space 16384K, 0% used [0x00000000e5080000,0x00000000e5080000,0x00000000e6080000)
 ParOldGen       total 91648K, used 21946K [0x0000000083200000, 0x0000000088b80000, 0x00000000d6600000)
  object space 91648K, 23% used [0x0000000083200000,0x000000008476e960,0x0000000088b80000)
 Metaspace       used 40557K, capacity 42636K, committed 42880K, reserved 1085440K
  class space    used 5619K, capacity 5969K, committed 6016K, reserved 1048576K
Event: 16.041 GC heap after
Heap after GC invocations=13 (full 2):
 PSYoungGen      total 256512K, used 16375K [0x00000000d6600000, 0x00000000ea400000, 0x0000000100000000)
  eden space 240128K, 0% used [0x00000000d6600000,0x00000000d6600000,0x00000000e5080000)
  from space 16384K, 99% used [0x00000000e5080000,0x00000000e607df58,0x00000000e6080000)
  to   space 18432K, 0% used [0x00000000e9200000,0x00000000e9200000,0x00000000ea400000)
 ParOldGen       total 91648K, used 21962K [0x0000000083200000, 0x0000000088b80000, 0x00000000d6600000)
  object space 91648K, 23% used [0x0000000083200000,0x0000000084772960,0x0000000088b80000)
 Metaspace       used 40557K, capacity 42636K, committed 42880K, reserved 1085440K
  class space    used 5619K, capacity 5969K, committed 6016K, reserved 1048576K
}
Event: 17.281 GC heap before
{Heap before GC invocations=14 (full 2):
 PSYoungGen      total 256512K, used 100477K [0x00000000d6600000, 0x00000000ea400000, 0x0000000100000000)
  eden space 240128K, 35% used [0x00000000d6600000,0x00000000db821690,0x00000000e5080000)
  from space 16384K, 99% used [0x00000000e5080000,0x00000000e607df58,0x00000000e6080000)
  to   space 18432K, 0% used [0x00000000e9200000,0x00000000e9200000,0x00000000ea400000)
 ParOldGen       total 91648K, used 21962K [0x0000000083200000, 0x0000000088b80000, 0x00000000d6600000)
  object space 91648K, 23% used [0x0000000083200000,0x0000000084772960,0x0000000088b80000)
 Metaspace       used 44286K, capacity 46398K, committed 46464K, reserved 1095680K
  class space    used 6148K, capacity 6520K, committed 6528K, reserved 1048576K
Event: 17.309 GC heap after
Heap after GC invocations=14 (full 2):
 PSYoungGen      total 258560K, used 13716K [0x00000000d6600000, 0x00000000ea400000, 0x0000000100000000)
  eden space 240128K, 0% used [0x00000000d6600000,0x00000000d6600000,0x00000000e5080000)
  from space 18432K, 74% used [0x00000000e9200000,0x00000000e9f65110,0x00000000ea400000)
  to   space 16384K, 0% used [0x00000000e5080000,0x00000000e5080000,0x00000000e6080000)
 ParOldGen       total 91648K, used 26858K [0x0000000083200000, 0x0000000088b80000, 0x00000000d6600000)
  object space 91648K, 29% used [0x0000000083200000,0x0000000084c3a9a0,0x0000000088b80000)
 Metaspace       used 44286K, capacity 46398K, committed 46464K, reserved 1095680K
  class space    used 6148K, capacity 6520K, committed 6528K, reserved 1048576K
}
Event: 17.309 GC heap before
{Heap before GC invocations=15 (full 3):
 PSYoungGen      total 258560K, used 13716K [0x00000000d6600000, 0x00000000ea400000, 0x0000000100000000)
  eden space 240128K, 0% used [0x00000000d6600000,0x00000000d6600000,0x00000000e5080000)
  from space 18432K, 74% used [0x00000000e9200000,0x00000000e9f65110,0x00000000ea400000)
  to   space 16384K, 0% used [0x00000000e5080000,0x00000000e5080000,0x00000000e6080000)
 ParOldGen       total 91648K, used 26858K [0x0000000083200000, 0x0000000088b80000, 0x00000000d6600000)
  object space 91648K, 29% used [0x0000000083200000,0x0000000084c3a9a0,0x0000000088b80000)
 Metaspace       used 44286K, capacity 46398K, committed 46464K, reserved 1095680K
  class space    used 6148K, capacity 6520K, committed 6528K, reserved 1048576K

